  Application.cpp
D:\ドキュメント\デスクトップ\AGS\AGS\Src\Manager\InputManager.h(15,37): warning C4305: '初期化中': 'double' から 'const float' へ切り詰めます。
  AnimationController.cpp
  Fader.cpp
  Quaternion.cpp
  Vector2.cpp
  main.cpp
  Camera.cpp
D:\ドキュメント\デスクトップ\AGS\AGS\Src\Manager\InputManager.h(15,37): warning C4305: '初期化中': 'double' から 'const float' へ切り詰めます。
  InputManager.cpp
D:\ドキュメント\デスクトップ\AGS\AGS\Src\Manager\InputManager.h(15,37): warning C4305: '初期化中': 'double' から 'const float' へ切り詰めます。
  MiniCamera.cpp
  SceneManager.cpp
  Grid.cpp
  Player.cpp
D:\ドキュメント\デスクトップ\AGS\AGS\Src\Manager\InputManager.h(15,37): warning C4305: '初期化中': 'double' から 'const float' へ切り詰めます。
  Stage.cpp
  SceneBase.cpp
  TitleScene.cpp
D:\ドキュメント\デスクトップ\AGS\AGS\Src\Manager\InputManager.h(15,37): warning C4305: '初期化中': 'double' から 'const float' へ切り詰めます。
  AsoUtility.cpp
  MatrixUtility.cpp
  コードを生成中...
  AGS.vcxproj -> D:\ドキュメント\デスクトップ\AGS\AGS\x64\Debug\AGS.exe
